#
# A fatal error has been detected by the Java Runtime Environment:
#
#  Internal Error (javaClasses.cpp:129), pid=14028, tid=19084
#  fatal error: Invalid layout of preloaded class
#
# JRE version: 7.0_17-b02
# Java VM: Java HotSpot(TM) 64-Bit Server VM (23.7-b01 mixed mode windows-amd64 compressed oops)
# Failed to write core dump. Minidumps are not enabled by default on client versions of Windows
#
# If you would like to submit a bug report, please visit:
#   http://bugreport.sun.com/bugreport/crash.jsp
#

---------------  T H R E A D  ---------------

Current thread (0x000000000206d800):  JavaThread "Unknown thread" [_thread_in_vm, id=19084, stack(0x0000000001e90000,0x0000000001f90000)]

Stack: [0x0000000001e90000,0x0000000001f90000]

---------------  P R O C E S S  ---------------

Java Threads: ( => current thread )

Other Threads:

=>0x000000000206d800 (exited) JavaThread "Unknown thread" [_thread_in_vm, id=19084, stack(0x0000000001e90000,0x0000000001f90000)]

VM state:not at safepoint (not fully initialized)

VM Mutex/Monitor currently owned by a thread: None

GC Heap History (0 events):
No events

Deoptimization events (0 events):
No events

Internal exceptions (0 events):
No events

Events (10 events):
Event: 0.010 loading class 0x00000000020b81d0 done
Event: 0.010 loading class 0x00000000020b81a0 done
Event: 0.010 loading class 0x00000000020b7e40
Event: 0.010 loading class 0x000000000ae80c00
Event: 0.010 loading class 0x000000000ae80c00 done
Event: 0.010 loading class 0x000000000ae80740
Event: 0.010 loading class 0x000000000ae80740 done
Event: 0.010 loading class 0x000000000ae7f810
Event: 0.010 loading class 0x000000000ae7f810 done
Event: 0.010 loading class 0x00000000020b7e40 done


Dynamic libraries:
0x00007ff727bf0000 - 0x00007ff727c23000 	C:\Program Files\Java\jre7\bin\javaw.exe
0x00007ffa16bc0000 - 0x00007ffa16d6c000 	C:\Windows\SYSTEM32\ntdll.dll
0x00007ffa16670000 - 0x00007ffa167ae000 	C:\Windows\system32\KERNEL32.DLL
0x00007ffa13df0000 - 0x00007ffa13f05000 	C:\Windows\system32\KERNELBASE.dll
0x00007ffa128c0000 - 0x00007ffa1294e000 	C:\Windows\system32\apphelp.dll
0x00007ffa09d00000 - 0x00007ffa09d53000 	C:\Windows\AppPatch\AppPatch64\AcGenral.DLL
0x00007ffa15b90000 - 0x00007ffa15c3a000 	C:\Windows\system32\msvcrt.dll
0x00007ffa13af0000 - 0x00007ffa13b1e000 	C:\Windows\SYSTEM32\SspiCli.dll
0x00007ffa14400000 - 0x00007ffa14454000 	C:\Windows\system32\SHLWAPI.dll
0x00007ffa15e20000 - 0x00007ffa15f97000 	C:\Windows\system32\USER32.dll
0x00007ffa164d0000 - 0x00007ffa16664000 	C:\Windows\system32\ole32.dll
0x00007ffa14600000 - 0x00007ffa15b19000 	C:\Windows\system32\SHELL32.dll
0x00007ffa132c0000 - 0x00007ffa132e1000 	C:\Windows\SYSTEM32\USERENV.dll
0x00007ffa15c40000 - 0x00007ffa15cea000 	C:\Windows\system32\ADVAPI32.dll
0x00007ffa11720000 - 0x00007ffa1173e000 	C:\Windows\SYSTEM32\MPR.dll
0x00007ffa14250000 - 0x00007ffa14391000 	C:\Windows\system32\RPCRT4.dll
0x00007ffa16180000 - 0x00007ffa161d9000 	C:\Windows\SYSTEM32\sechost.dll
0x00007ffa169a0000 - 0x00007ffa16bb1000 	C:\Windows\SYSTEM32\combase.dll
0x00007ffa16340000 - 0x00007ffa1648f000 	C:\Windows\system32\GDI32.dll
0x00007ffa13d20000 - 0x00007ffa13d35000 	C:\Windows\SYSTEM32\profapi.dll
0x00007ffa12290000 - 0x00007ffa12342000 	C:\Windows\SYSTEM32\SHCORE.dll
0x00007ffa16490000 - 0x00007ffa164c6000 	C:\Windows\system32\IMM32.DLL
0x00007ffa161e0000 - 0x00007ffa16332000 	C:\Windows\system32\MSCTF.dll
0x00007ffa11e10000 - 0x00007ffa1208a000 	C:\Windows\WinSxS\amd64_microsoft.windows.common-controls_6595b64144ccf1df_6.0.9600.17810_none_6240b9c7ecbd0bda\COMCTL32.dll
0x00000000576e0000 - 0x00000000577b1000 	C:\Program Files\Java\jre7\bin\msvcr100.dll
0x0000000056760000 - 0x0000000056e7f000 	C:\Program Files\Java\jre7\bin\server\jvm.dll
0x00007ffa11a70000 - 0x00007ffa11a79000 	C:\Windows\SYSTEM32\WSOCK32.dll
0x00007ffa10ea0000 - 0x00007ffa10ec2000 	C:\Windows\SYSTEM32\WINMM.dll
0x00007ffa16990000 - 0x00007ffa16997000 	C:\Windows\system32\PSAPI.DLL
0x00007ffa15cf0000 - 0x00007ffa15d4a000 	C:\Windows\system32\WS2_32.dll
0x00007ffa10e70000 - 0x00007ffa10e9a000 	C:\Windows\SYSTEM32\WINMMBASE.dll
0x00007ffa14460000 - 0x00007ffa14469000 	C:\Windows\system32\NSI.dll
0x00007ffa14150000 - 0x00007ffa1419f000 	C:\Windows\SYSTEM32\cfgmgr32.dll
0x00007ffa12b10000 - 0x00007ffa12b38000 	C:\Windows\SYSTEM32\DEVOBJ.dll
0x00000000576d0000 - 0x00000000576df000 	C:\Program Files\Java\jre7\bin\verify.dll
0x00000000576a0000 - 0x00000000576c8000 	C:\Program Files\Java\jre7\bin\java.dll
0x0000000057680000 - 0x0000000057695000 	C:\Program Files\Java\jre7\bin\zip.dll

VM Arguments:
jvm_args: -Dfile.encoding=UTF-8 -Xbootclasspath:D:\eclipse\adt\sdk\platforms\android-20\android.jar 
java_command: com.example.dbdao.NanoHTTPD
Launcher Type: SUN_STANDARD

Environment Variables:
JAVA_HOME=C:\Program Files (x86)\Java\jdk1.7.0_79
CLASSPATH=.;C:\Program Files (x86)\Java\jdk1.7.0_79\lib;C:\Program Files (x86)\Java\jdk1.7.0_79\lib\tools.jar
PATH=C:\Program Files (x86)\NVIDIA Corporation\PhysX\Common;C:\Program Files (x86)\Intel\iCLS Client\;C:\Program Files\Intel\iCLS Client\;C:\Windows\system32;C:\Windows;C:\Windows\System32\Wbem;C:\Windows\System32\WindowsPowerShell\v1.0\;C:\Program Files (x86)\Acer\abFiles\;C:\Program Files\Intel\Intel(R) Management Engine Components\DAL;C:\Program Files\Intel\Intel(R) Management Engine Components\IPT;C:\Program Files (x86)\Intel\Intel(R) Management Engine Components\DAL;C:\Program Files (x86)\Intel\Intel(R) Management Engine Components\IPT;C:\Program Files (x86)\Java\jdk1.7.0_79\bin;C:\Program Files (x86)\Java\jdk1.7.0_79\jre\bin
USERNAME=sunup_002
OS=Windows_NT
PROCESSOR_IDENTIFIER=Intel64 Family 6 Model 60 Stepping 3, GenuineIntel



---------------  S Y S T E M  ---------------

OS: Windows 8 , 64 bit Build 9200 

CPU:total 4 (2 cores per cpu, 2 threads per core) family 6 model 60 stepping 3, cmov, cx8, fxsr, mmx, sse, sse2, sse3, ssse3, sse4.1, sse4.2, popcnt, avx, avx2, ht, tsc, tscinvbit

Memory: 4k page, physical 8277272k(3910736k free), swap 11882340k(4307896k free)

vm_info: Java HotSpot(TM) 64-Bit Server VM (23.7-b01) for windows-amd64 JRE (1.7.0_17-b02), built on Mar  1 2013 03:38:30 by "java_re" with unknown MS VC++:1600

time: Wed Oct 14 09:58:38 2015
elapsed time: 0 seconds

